# JRE version: OpenJDK Runtime Environment (21.0.6) (build 21.0.6+-13368085-b895.109)
# Java VM: OpenJDK 64-Bit Server VM (21.0.6+-13368085-b895.109, mixed mode, tiered, compressed oops, compressed class ptrs, g1 gc, windows-amd64)
GC Precious Log:
 CardTable entry size: 512
 Card Set container configuration: InlinePtr #cards 4 size 8 Array Of Cards #cards 32 size 80 Howl #buckets 8 coarsen threshold 7372 Howl Bitmap #cards 1024 size 144 coarsen threshold 921 Card regions per heap region 1 cards per card region 8192
 CPUs: 12 total, 12 available
 Memory: 5989M
 Large Page Support: Disabled
 NUMA Support: Disabled
 Compressed Oops: Enabled (Zero based)
 Heap Region Size: 4M
 Heap Min Capacity: 8M
 Heap Initial Capacity: 96M
 Heap Max Capacity: 8G
 Pre-touch: Disabled
 Parallel Workers: 10
 Concurrent Workers: 3
 Concurrent Refinement Workers: 10
 Periodic GC: Disabled
Heap:
 garbage-first heap   total 483328K, used 233904K [0x0000000600000000, 0x0000000800000000)
  region size 4096K, 1 young (4096K), 1 survivors (4096K)
 Metaspace       used 174357K, committed 177024K, reserved 1245184K
  class space    used 23253K, committed 24576K, reserved 1048576K
GC Heap History (20 events):
Event: 37.837 GC heap after
{Heap after GC invocations=59 (full 0):
 garbage-first heap   total 282624K, used 141985K [0x0000000600000000, 0x0000000800000000)
  region size 4096K, 3 young (12288K), 3 survivors (12288K)
 Metaspace       used 133110K, committed 135488K, reserved 1179648K
  class space    used 18206K, committed 19392K, reserved 1048576K
}
Event: 72.674 GC heap before
{Heap before GC invocations=59 (full 0):
 garbage-first heap   total 282624K, used 244385K [0x0000000600000000, 0x0000000800000000)
  region size 4096K, 29 young (118784K), 3 survivors (12288K)
 Metaspace       used 136452K, committed 138880K, reserved 1179648K
  class space    used 18557K, committed 19776K, reserved 1048576K
}
Event: 72.823 GC heap after
{Heap after GC invocations=60 (full 0):
 garbage-first heap   total 282624K, used 143216K [0x0000000600000000, 0x0000000800000000)
  region size 4096K, 2 young (8192K), 2 survivors (8192K)
 Metaspace       used 136452K, committed 138880K, reserved 1179648K
  class space    used 18557K, committed 19776K, reserved 1048576K
}
Event: 83.117 GC heap before
{Heap before GC invocations=61 (full 0):
 garbage-first heap   total 282624K, used 249712K [0x0000000600000000, 0x0000000800000000)
  region size 4096K, 29 young (118784K), 2 survivors (8192K)
 Metaspace       used 143679K, committed 146048K, reserved 1179648K
  class space    used 19205K, committed 20416K, reserved 1048576K
}
Event: 83.158 GC heap after
{Heap after GC invocations=62 (full 0):
 garbage-first heap   total 282624K, used 144837K [0x0000000600000000, 0x0000000800000000)
  region size 4096K, 3 young (12288K), 3 survivors (12288K)
 Metaspace       used 143679K, committed 146048K, reserved 1179648K
  class space    used 19205K, committed 20416K, reserved 1048576K
}
Event: 85.345 GC heap before
{Heap before GC invocations=62 (full 0):
 garbage-first heap   total 339968K, used 329157K [0x0000000600000000, 0x0000000800000000)
  region size 4096K, 21 young (86016K), 3 survivors (12288K)
 Metaspace       used 146332K, committed 148736K, reserved 1179648K
  class space    used 19525K, committed 20736K, reserved 1048576K
}
Event: 85.472 GC heap after
{Heap after GC invocations=63 (full 0):
 garbage-first heap   total 356352K, used 262873K [0x0000000600000000, 0x0000000800000000)
  region size 4096K, 3 young (12288K), 3 survivors (12288K)
 Metaspace       used 146332K, committed 148736K, reserved 1179648K
  class space    used 19525K, committed 20736K, reserved 1048576K
}
Event: 86.915 GC heap before
{Heap before GC invocations=63 (full 0):
 garbage-first heap   total 356352K, used 316121K [0x0000000600000000, 0x0000000800000000)
  region size 4096K, 17 young (69632K), 3 survivors (12288K)
 Metaspace       used 147052K, committed 149504K, reserved 1179648K
  class space    used 19602K, committed 20864K, reserved 1048576K
}
Event: 86.955 GC heap after
{Heap after GC invocations=64 (full 0):
 garbage-first heap   total 356352K, used 195993K [0x0000000600000000, 0x0000000800000000)
  region size 4096K, 3 young (12288K), 3 survivors (12288K)
 Metaspace       used 147052K, committed 149504K, reserved 1179648K
  class space    used 19602K, committed 20864K, reserved 1048576K
}
Event: 91.377 GC heap before
{Heap before GC invocations=65 (full 0):
 garbage-first heap   total 356352K, used 318873K [0x0000000600000000, 0x0000000800000000)
  region size 4096K, 33 young (135168K), 3 survivors (12288K)
 Metaspace       used 147126K, committed 149568K, reserved 1179648K
  class space    used 19616K, committed 20864K, reserved 1048576K
}
Event: 91.423 GC heap after
{Heap after GC invocations=66 (full 0):
 garbage-first heap   total 356352K, used 151643K [0x0000000600000000, 0x0000000800000000)
  region size 4096K, 3 young (12288K), 3 survivors (12288K)
 Metaspace       used 147126K, committed 149568K, reserved 1179648K
  class space    used 19616K, committed 20864K, reserved 1048576K
}
Event: 97.752 GC heap before
{Heap before GC invocations=66 (full 0):
 garbage-first heap   total 356352K, used 315483K [0x0000000600000000, 0x0000000800000000)
  region size 4096K, 44 young (180224K), 3 survivors (12288K)
 Metaspace       used 157844K, committed 160384K, reserved 1245184K
  class space    used 20951K, committed 22208K, reserved 1048576K
}
Event: 97.901 GC heap after
{Heap after GC invocations=67 (full 0):
 garbage-first heap   total 458752K, used 157069K [0x0000000600000000, 0x0000000800000000)
  region size 4096K, 4 young (16384K), 4 survivors (16384K)
 Metaspace       used 157844K, committed 160384K, reserved 1245184K
  class space    used 20951K, committed 22208K, reserved 1048576K
}
Event: 120.966 GC heap before
{Heap before GC invocations=67 (full 0):
 garbage-first heap   total 458752K, used 423309K [0x0000000600000000, 0x0000000800000000)
  region size 4096K, 66 young (270336K), 4 survivors (16384K)
 Metaspace       used 173887K, committed 176576K, reserved 1245184K
  class space    used 23184K, committed 24512K, reserved 1048576K
}
Event: 122.316 GC heap after
{Heap after GC invocations=68 (full 0):
 garbage-first heap   total 483328K, used 206103K [0x0000000600000000, 0x0000000800000000)
  region size 4096K, 9 young (36864K), 9 survivors (36864K)
 Metaspace       used 173887K, committed 176576K, reserved 1245184K
  class space    used 23184K, committed 24512K, reserved 1048576K
}
Event: 122.353 GC heap before
{Heap before GC invocations=68 (full 0):
 garbage-first heap   total 483328K, used 210199K [0x0000000600000000, 0x0000000800000000)
  region size 4096K, 10 young (40960K), 9 survivors (36864K)
 Metaspace       used 173937K, committed 176576K, reserved 1245184K
  class space    used 23188K, committed 24512K, reserved 1048576K
}
Event: 122.648 GC heap after
{Heap after GC invocations=69 (full 0):
 garbage-first heap   total 483328K, used 212529K [0x0000000600000000, 0x0000000800000000)
  region size 4096K, 1 young (4096K), 1 survivors (4096K)
 Metaspace       used 173937K, committed 176576K, reserved 1245184K
  class space    used 23188K, committed 24512K, reserved 1048576K
}
Event: 123.846 GC heap before
{Heap before GC invocations=69 (full 0):
 garbage-first heap   total 483328K, used 245297K [0x0000000600000000, 0x0000000800000000)
  region size 4096K, 9 young (36864K), 1 survivors (4096K)
 Metaspace       used 174326K, committed 176960K, reserved 1245184K
  class space    used 23248K, committed 24576K, reserved 1048576K
}
Event: 124.269 GC heap after
{Heap after GC invocations=70 (full 0):
 garbage-first heap   total 483328K, used 226069K [0x0000000600000000, 0x0000000800000000)
  region size 4096K, 2 young (8192K), 2 survivors (8192K)
 Metaspace       used 174326K, committed 176960K, reserved 1245184K
  class space    used 23248K, committed 24576K, reserved 1048576K
}
Event: 124.321 GC heap before
{Heap before GC invocations=70 (full 0):
 garbage-first heap   total 483328K, used 238357K [0x0000000600000000, 0x0000000800000000)
  region size 4096K, 5 young (20480K), 2 survivors (8192K)
 Metaspace       used 174357K, committed 177024K, reserved 1245184K
  class space    used 23253K, committed 24576K, reserved 1048576K
}

